<?xml version="1.0" encoding="UTF-8"?>
<testng-results ignored="0" total="1" passed="1" failed="0" skipped="0">
  <reporter-output>
  </reporter-output>
  <suite started-at="2020-05-17T20:19:21 IST" name="Command line suite" finished-at="2020-05-17T20:19:33 IST" duration-ms="11440">
    <groups>
      <group name="cucumber">
        <method signature="AbstractTestNGCucumberTests.runScenario(io.cucumber.testng.PickleWrapper, io.cucumber.testng.FeatureWrapper)[pri:0, instance:runners.TestNgRunner@15bfd87]" name="runScenario" class="io.cucumber.testng.AbstractTestNGCucumberTests"/>
      </group> <!-- cucumber -->
    </groups>
    <test started-at="2020-05-17T20:19:21 IST" name="Command line test" finished-at="2020-05-17T20:19:33 IST" duration-ms="11440">
      <class name="runners.TestNgRunner">
        <test-method is-config="true" signature="setUpClass()[pri:0, instance:runners.TestNgRunner@15bfd87]" started-at="2020-05-17T20:19:21 IST" name="setUpClass" finished-at="2020-05-17T20:19:21 IST" duration-ms="321" status="PASS">
          <reporter-output>
          </reporter-output>
        </test-method> <!-- setUpClass -->
        <test-method signature="runScenario(io.cucumber.testng.PickleWrapper, io.cucumber.testng.FeatureWrapper)[pri:0, instance:runners.TestNgRunner@15bfd87]" started-at="2020-05-17T20:19:21 IST" name="runScenario" description="Runs Cucumber Scenarios" data-provider="scenarios" finished-at="2020-05-17T20:19:32 IST" duration-ms="11040" status="PASS">
          <params>
            <param index="0">
              <value>
                <![CDATA["Google Search"]]>
              </value>
            </param>
            <param index="1">
              <value>
                <![CDATA["google search"]]>
              </value>
            </param>
          </params>
          <reporter-output>
          </reporter-output>
        </test-method> <!-- runScenario -->
        <test-method is-config="true" signature="tearDownClass()[pri:0, instance:runners.TestNgRunner@15bfd87]" started-at="2020-05-17T20:19:33 IST" name="tearDownClass" finished-at="2020-05-17T20:19:33 IST" duration-ms="16" status="PASS">
          <reporter-output>
          </reporter-output>
        </test-method> <!-- tearDownClass -->
      </class> <!-- runners.TestNgRunner -->
    </test> <!-- Command line test -->
  </suite> <!-- Command line suite -->
</testng-results>
